Start testing: Jul 25 18:28 EDT
----------------------------------------------------------
1/1 Testing: MyStructureDonneeTest
1/1 Test: MyStructureDonneeTest
Command: "/home/william/Documents/GitHub/cpp-exercises/cmake-build-debug/tests/tests"
Directory: /home/william/Documents/GitHub/cpp-exercises/cmake-build-debug/tests
"MyStructureDonneeTest" start time: Jul 25 18:28 EDT
Output:
----------------------------------------------------------
Running main() from /home/william/Documents/GitHub/cpp-exercises/extern/googletest/googletest/src/gtest_main.cc
[==========] Running 23 tests from 3 test suites.
[----------] Global test environment set-up.
[----------] 13 tests from MyArrayTest
[ RUN      ] MyArrayTest.InsertAndGet
[       OK ] MyArrayTest.InsertAndGet (0 ms)
[ RUN      ] MyArrayTest.InsertAndGetThrow
[       OK ] MyArrayTest.InsertAndGetThrow (0 ms)
[ RUN      ] MyArrayTest.removeAt
[       OK ] MyArrayTest.removeAt (0 ms)
[ RUN      ] MyArrayTest.removeAtThrow
[       OK ] MyArrayTest.removeAtThrow (0 ms)
[ RUN      ] MyArrayTest.indexOf
[       OK ] MyArrayTest.indexOf (0 ms)
[ RUN      ] MyArrayTest.max
[       OK ] MyArrayTest.max (0 ms)
[ RUN      ] MyArrayTest.reverse
[       OK ] MyArrayTest.reverse (0 ms)
[ RUN      ] MyArrayTest.intersect
[       OK ] MyArrayTest.intersect (0 ms)
[ RUN      ] MyArrayTest.insertAt
[       OK ] MyArrayTest.insertAt (0 ms)
[ RUN      ] MyArrayTest.InsersionAuMilieux
[       OK ] MyArrayTest.InsersionAuMilieux (0 ms)
[ RUN      ] MyArrayTest.InsersionAuDebut
[       OK ] MyArrayTest.InsersionAuDebut (0 ms)
[ RUN      ] MyArrayTest.InsersionFin
[       OK ] MyArrayTest.InsersionFin (0 ms)
[ RUN      ] MyArrayTest.InsertionExeption
[       OK ] MyArrayTest.InsertionExeption (0 ms)
[----------] 13 tests from MyArrayTest (2 ms total)

[----------] 8 tests from LinkListTest
[ RUN      ] LinkListTest.constructeur
[       OK ] LinkListTest.constructeur (0 ms)
[ RUN      ] LinkListTest.addFirst
[       OK ] LinkListTest.addFirst (0 ms)
[ RUN      ] LinkListTest.addLast
[       OK ] LinkListTest.addLast (0 ms)
[ RUN      ] LinkListTest.contains
[       OK ] LinkListTest.contains (0 ms)
[ RUN      ] LinkListTest.deleteFirstLast
[       OK ] LinkListTest.deleteFirstLast (0 ms)
[ RUN      ] LinkListTest.constructeurDeCopie
[       OK ] LinkListTest.constructeurDeCopie (0 ms)
[ RUN      ] LinkListTest.reverse
[       OK ] LinkListTest.reverse (0 ms)
[ RUN      ] LinkListTest.getKthFromTheEnd
[       OK ] LinkListTest.getKthFromTheEnd (0 ms)
[----------] 8 tests from LinkListTest (0 ms total)

[----------] 2 tests from StackTest
[ RUN      ] StackTest.constructeur
[       OK ] StackTest.constructeur (0 ms)
[ RUN      ] StackTest.getCountPeekIsEmpty
[       OK ] StackTest.getCountPeekIsEmpty (0 ms)
[----------] 2 tests from StackTest (0 ms total)

[----------] Global test environment tear-down
[==========] 23 tests from 3 test suites ran. (3 ms total)
[  PASSED  ] 23 tests.
<end of output>
Test time =   0.01 sec
----------------------------------------------------------
Test Passed.
"MyStructureDonneeTest" end time: Jul 25 18:28 EDT
"MyStructureDonneeTest" time elapsed: 00:00:00
----------------------------------------------------------

End testing: Jul 25 18:28 EDT
