Start testing: Jul 02 19:01 EDT
----------------------------------------------------------
1/1 Testing: MyArrayTest
1/1 Test: MyArrayTest
Command: "/home/william/Documents/GitHub/cpp-exercises/cmake-build-debug/tests/tests"
Directory: /home/william/Documents/GitHub/cpp-exercises/cmake-build-debug/tests
"MyArrayTest" start time: Jul 02 19:01 EDT
Output:
----------------------------------------------------------
Running main() from /home/william/Documents/GitHub/cpp-exercises/extern/googletest/googletest/src/gtest_main.cc
[==========] Running 10 tests from 2 test suites.
[----------] Global test environment set-up.
[----------] 8 tests from MyArrayTest
[ RUN      ] MyArrayTest.InsertAndGet
[       OK ] MyArrayTest.InsertAndGet (0 ms)
[ RUN      ] MyArrayTest.InsertAndGetThrow
[       OK ] MyArrayTest.InsertAndGetThrow (0 ms)
[ RUN      ] MyArrayTest.removeAt
[       OK ] MyArrayTest.removeAt (0 ms)
[ RUN      ] MyArrayTest.removeAtThrow
[       OK ] MyArrayTest.removeAtThrow (0 ms)
[ RUN      ] MyArrayTest.indexOf
[       OK ] MyArrayTest.indexOf (0 ms)
[ RUN      ] MyArrayTest.max
[       OK ] MyArrayTest.max (0 ms)
[ RUN      ] MyArrayTest.reverse
[       OK ] MyArrayTest.reverse (0 ms)
[ RUN      ] MyArrayTest.intersect
[       OK ] MyArrayTest.intersect (0 ms)
[----------] 8 tests from MyArrayTest (0 ms total)

[----------] 2 tests from My_arrayTest
[ RUN      ] My_arrayTest.insertAt
[       OK ] My_arrayTest.insertAt (0 ms)
[ RUN      ] My_arrayTest.insertAtThrow
[       OK ] My_arrayTest.insertAtThrow (0 ms)
[----------] 2 tests from My_arrayTest (0 ms total)

[----------] Global test environment tear-down
[==========] 10 tests from 2 test suites ran. (0 ms total)
[  PASSED  ] 10 tests.
<end of output>
Test time =   0.01 sec
----------------------------------------------------------
Test Passed.
"MyArrayTest" end time: Jul 02 19:01 EDT
"MyArrayTest" time elapsed: 00:00:00
----------------------------------------------------------

End testing: Jul 02 19:01 EDT
